<?xml version="1.0" encoding="UTF-8"?>
<testsuite xmlns:xsi="http://www.w3.org/2001/XMLSchema-instance" xsi:noNamespaceSchemaLocation="https://maven.apache.org/surefire/maven-surefire-plugin/xsd/surefire-test-report.xsd" name="com.practice.seleniun_maven.NewTest" time="16.681" tests="1" errors="0" skipped="0" failures="0">
  <properties>
    <property name="java.specification.version" value="13"/>
    <property name="sun.jnu.encoding" value="UTF-8"/>
    <property name="java.class.path" value="/Users/trivenigherde1-mac/eclipse-workspace/test/seleniun-maven/target/test-classes:/Users/trivenigherde1-mac/eclipse-workspace/test/seleniun-maven/target/classes:/Users/trivenigherde1-mac/.m2/repository/org/seleniumhq/selenium/selenium-java/3.11.0/selenium-java-3.11.0.jar:/Users/trivenigherde1-mac/.m2/repository/org/seleniumhq/selenium/selenium-api/3.11.0/selenium-api-3.11.0.jar:/Users/trivenigherde1-mac/.m2/repository/org/seleniumhq/selenium/selenium-chrome-driver/3.11.0/selenium-chrome-driver-3.11.0.jar:/Users/trivenigherde1-mac/.m2/repository/org/seleniumhq/selenium/selenium-edge-driver/3.11.0/selenium-edge-driver-3.11.0.jar:/Users/trivenigherde1-mac/.m2/repository/org/seleniumhq/selenium/selenium-firefox-driver/3.11.0/selenium-firefox-driver-3.11.0.jar:/Users/trivenigherde1-mac/.m2/repository/org/seleniumhq/selenium/selenium-ie-driver/3.11.0/selenium-ie-driver-3.11.0.jar:/Users/trivenigherde1-mac/.m2/repository/org/seleniumhq/selenium/selenium-opera-driver/3.11.0/selenium-opera-driver-3.11.0.jar:/Users/trivenigherde1-mac/.m2/repository/org/seleniumhq/selenium/selenium-remote-driver/3.11.0/selenium-remote-driver-3.11.0.jar:/Users/trivenigherde1-mac/.m2/repository/org/seleniumhq/selenium/selenium-safari-driver/3.11.0/selenium-safari-driver-3.11.0.jar:/Users/trivenigherde1-mac/.m2/repository/org/seleniumhq/selenium/selenium-support/3.11.0/selenium-support-3.11.0.jar:/Users/trivenigherde1-mac/.m2/repository/net/bytebuddy/byte-buddy/1.7.9/byte-buddy-1.7.9.jar:/Users/trivenigherde1-mac/.m2/repository/org/apache/commons/commons-exec/1.3/commons-exec-1.3.jar:/Users/trivenigherde1-mac/.m2/repository/commons-codec/commons-codec/1.10/commons-codec-1.10.jar:/Users/trivenigherde1-mac/.m2/repository/commons-logging/commons-logging/1.2/commons-logging-1.2.jar:/Users/trivenigherde1-mac/.m2/repository/com/google/code/gson/gson/2.8.2/gson-2.8.2.jar:/Users/trivenigherde1-mac/.m2/repository/com/google/guava/guava/23.6-jre/guava-23.6-jre.jar:/Users/trivenigherde1-mac/.m2/repository/com/google/code/findbugs/jsr305/1.3.9/jsr305-1.3.9.jar:/Users/trivenigherde1-mac/.m2/repository/org/checkerframework/checker-compat-qual/2.0.0/checker-compat-qual-2.0.0.jar:/Users/trivenigherde1-mac/.m2/repository/com/google/errorprone/error_prone_annotations/2.1.3/error_prone_annotations-2.1.3.jar:/Users/trivenigherde1-mac/.m2/repository/com/google/j2objc/j2objc-annotations/1.1/j2objc-annotations-1.1.jar:/Users/trivenigherde1-mac/.m2/repository/org/codehaus/mojo/animal-sniffer-annotations/1.14/animal-sniffer-annotations-1.14.jar:/Users/trivenigherde1-mac/.m2/repository/org/apache/httpcomponents/httpclient/4.5.3/httpclient-4.5.3.jar:/Users/trivenigherde1-mac/.m2/repository/org/apache/httpcomponents/httpcore/4.4.6/httpcore-4.4.6.jar:/Users/trivenigherde1-mac/.m2/repository/com/squareup/okhttp3/okhttp/3.9.1/okhttp-3.9.1.jar:/Users/trivenigherde1-mac/.m2/repository/com/squareup/okio/okio/1.13.0/okio-1.13.0.jar:/Users/trivenigherde1-mac/.m2/repository/org/testng/testng/6.14.3/testng-6.14.3.jar:/Users/trivenigherde1-mac/.m2/repository/com/beust/jcommander/1.72/jcommander-1.72.jar:/Users/trivenigherde1-mac/.m2/repository/org/apache-extras/beanshell/bsh/2.0b6/bsh-2.0b6.jar:"/>
    <property name="java.vm.vendor" value="Oracle Corporation"/>
    <property name="sun.arch.data.model" value="64"/>
    <property name="java.vendor.url" value="https://java.oracle.com/"/>
    <property name="os.name" value="Mac OS X"/>
    <property name="java.vm.specification.version" value="13"/>
    <property name="sun.java.launcher" value="SUN_STANDARD"/>
    <property name="user.country" value="IN"/>
    <property name="sun.boot.library.path" value="/Library/Java/JavaVirtualMachines/jdk-13.0.2.jdk/Contents/Home/lib"/>
    <property name="sun.java.command" value="/Users/trivenigherde1-mac/eclipse-workspace/test/seleniun-maven/target/surefire/surefirebooter16760260920166689413.jar /Users/trivenigherde1-mac/eclipse-workspace/test/seleniun-maven/target/surefire 2020-08-03T18-47-59_466-jvmRun1 surefire17027530142252195358tmp surefire_011848635912588747315tmp"/>
    <property name="http.nonProxyHosts" value="local|*.local|169.254/16|*.169.254/16"/>
    <property name="jdk.debug" value="release"/>
    <property name="surefire.test.class.path" value="/Users/trivenigherde1-mac/eclipse-workspace/test/seleniun-maven/target/test-classes:/Users/trivenigherde1-mac/eclipse-workspace/test/seleniun-maven/target/classes:/Users/trivenigherde1-mac/.m2/repository/org/seleniumhq/selenium/selenium-java/3.11.0/selenium-java-3.11.0.jar:/Users/trivenigherde1-mac/.m2/repository/org/seleniumhq/selenium/selenium-api/3.11.0/selenium-api-3.11.0.jar:/Users/trivenigherde1-mac/.m2/repository/org/seleniumhq/selenium/selenium-chrome-driver/3.11.0/selenium-chrome-driver-3.11.0.jar:/Users/trivenigherde1-mac/.m2/repository/org/seleniumhq/selenium/selenium-edge-driver/3.11.0/selenium-edge-driver-3.11.0.jar:/Users/trivenigherde1-mac/.m2/repository/org/seleniumhq/selenium/selenium-firefox-driver/3.11.0/selenium-firefox-driver-3.11.0.jar:/Users/trivenigherde1-mac/.m2/repository/org/seleniumhq/selenium/selenium-ie-driver/3.11.0/selenium-ie-driver-3.11.0.jar:/Users/trivenigherde1-mac/.m2/repository/org/seleniumhq/selenium/selenium-opera-driver/3.11.0/selenium-opera-driver-3.11.0.jar:/Users/trivenigherde1-mac/.m2/repository/org/seleniumhq/selenium/selenium-remote-driver/3.11.0/selenium-remote-driver-3.11.0.jar:/Users/trivenigherde1-mac/.m2/repository/org/seleniumhq/selenium/selenium-safari-driver/3.11.0/selenium-safari-driver-3.11.0.jar:/Users/trivenigherde1-mac/.m2/repository/org/seleniumhq/selenium/selenium-support/3.11.0/selenium-support-3.11.0.jar:/Users/trivenigherde1-mac/.m2/repository/net/bytebuddy/byte-buddy/1.7.9/byte-buddy-1.7.9.jar:/Users/trivenigherde1-mac/.m2/repository/org/apache/commons/commons-exec/1.3/commons-exec-1.3.jar:/Users/trivenigherde1-mac/.m2/repository/commons-codec/commons-codec/1.10/commons-codec-1.10.jar:/Users/trivenigherde1-mac/.m2/repository/commons-logging/commons-logging/1.2/commons-logging-1.2.jar:/Users/trivenigherde1-mac/.m2/repository/com/google/code/gson/gson/2.8.2/gson-2.8.2.jar:/Users/trivenigherde1-mac/.m2/repository/com/google/guava/guava/23.6-jre/guava-23.6-jre.jar:/Users/trivenigherde1-mac/.m2/repository/com/google/code/findbugs/jsr305/1.3.9/jsr305-1.3.9.jar:/Users/trivenigherde1-mac/.m2/repository/org/checkerframework/checker-compat-qual/2.0.0/checker-compat-qual-2.0.0.jar:/Users/trivenigherde1-mac/.m2/repository/com/google/errorprone/error_prone_annotations/2.1.3/error_prone_annotations-2.1.3.jar:/Users/trivenigherde1-mac/.m2/repository/com/google/j2objc/j2objc-annotations/1.1/j2objc-annotations-1.1.jar:/Users/trivenigherde1-mac/.m2/repository/org/codehaus/mojo/animal-sniffer-annotations/1.14/animal-sniffer-annotations-1.14.jar:/Users/trivenigherde1-mac/.m2/repository/org/apache/httpcomponents/httpclient/4.5.3/httpclient-4.5.3.jar:/Users/trivenigherde1-mac/.m2/repository/org/apache/httpcomponents/httpcore/4.4.6/httpcore-4.4.6.jar:/Users/trivenigherde1-mac/.m2/repository/com/squareup/okhttp3/okhttp/3.9.1/okhttp-3.9.1.jar:/Users/trivenigherde1-mac/.m2/repository/com/squareup/okio/okio/1.13.0/okio-1.13.0.jar:/Users/trivenigherde1-mac/.m2/repository/org/testng/testng/6.14.3/testng-6.14.3.jar:/Users/trivenigherde1-mac/.m2/repository/com/beust/jcommander/1.72/jcommander-1.72.jar:/Users/trivenigherde1-mac/.m2/repository/org/apache-extras/beanshell/bsh/2.0b6/bsh-2.0b6.jar:"/>
    <property name="sun.cpu.endian" value="little"/>
    <property name="user.home" value="/Users/trivenigherde1-mac"/>
    <property name="user.language" value="en"/>
    <property name="java.specification.vendor" value="Oracle Corporation"/>
    <property name="java.version.date" value="2020-01-14"/>
    <property name="java.home" value="/Library/Java/JavaVirtualMachines/jdk-13.0.2.jdk/Contents/Home"/>
    <property name="file.separator" value="/"/>
    <property name="basedir" value="/Users/trivenigherde1-mac/eclipse-workspace/test/seleniun-maven"/>
    <property name="java.vm.compressedOopsMode" value="Zero based"/>
    <property name="line.separator" value="&#10;"/>
    <property name="java.specification.name" value="Java Platform API Specification"/>
    <property name="java.vm.specification.vendor" value="Oracle Corporation"/>
    <property name="surefire.real.class.path" value="/Users/trivenigherde1-mac/eclipse-workspace/test/seleniun-maven/target/surefire/surefirebooter16760260920166689413.jar"/>
    <property name="sun.management.compiler" value="HotSpot 64-Bit Tiered Compilers"/>
    <property name="ftp.nonProxyHosts" value="local|*.local|169.254/16|*.169.254/16"/>
    <property name="java.runtime.version" value="13.0.2+8"/>
    <property name="user.name" value="trivenigherde1-mac"/>
    <property name="path.separator" value=":"/>
    <property name="os.version" value="10.14.6"/>
    <property name="java.runtime.name" value="Java(TM) SE Runtime Environment"/>
    <property name="file.encoding" value="UTF-8"/>
    <property name="java.vm.name" value="Java HotSpot(TM) 64-Bit Server VM"/>
    <property name="localRepository" value="/Users/trivenigherde1-mac/.m2/repository"/>
    <property name="java.vendor.url.bug" value="https://bugreport.java.com/bugreport/"/>
    <property name="java.io.tmpdir" value="/var/folders/12/smq2zg8d2z74p713bfpwhkl40000gq/T/"/>
    <property name="java.version" value="13.0.2"/>
    <property name="user.dir" value="/Users/trivenigherde1-mac/eclipse-workspace/test/seleniun-maven"/>
    <property name="os.arch" value="x86_64"/>
    <property name="java.vm.specification.name" value="Java Virtual Machine Specification"/>
    <property name="java.library.path" value="/Users/trivenigherde1-mac/Library/Java/Extensions:/Library/Java/Extensions:/Network/Library/Java/Extensions:/System/Library/Java/Extensions:/usr/lib/java:."/>
    <property name="java.vm.info" value="mixed mode, sharing"/>
    <property name="java.vendor" value="Oracle Corporation"/>
    <property name="java.vm.version" value="13.0.2+8"/>
    <property name="sun.io.unicode.encoding" value="UnicodeBig"/>
    <property name="socksNonProxyHosts" value="local|*.local|169.254/16|*.169.254/16"/>
    <property name="java.class.version" value="57.0"/>
  </properties>
  <testcase name="f" classname="com.practice.seleniun_maven.NewTest" time="11.513"/>
</testsuite>