<?xml version="1.0" encoding="UTF-8"?>
<!-- Generated by org.testng.reporters.JUnitReportReporter -->
<testsuite hostname="Digumbarvanshikumars-Mac-mini.local" failures="0" tests="1" name="com.practice.seleniun_maven.NewTest" time="11.511" errors="0" timestamp="03 Aug 2020 13:18:16 GMT" skipped="0">
  <testcase classname="com.practice.seleniun_maven.NewTest" name="f" time="11.511"/>
</testsuite> <!-- com.practice.seleniun_maven.NewTest -->
